<?xml version="1.0" encoding="UTF-8"?>
<!-- Generated by org.testng.reporters.JUnitXMLReporter -->
<testsuite hostname="LAPTOP-K95TRAJ2" name="Surefire test" tests="12" failures="0" timestamp="12 Dec 2018 14:02:08 GMT" time="0.443" errors="0">
  <testcase name="testCos on testCos(Calculator_Linda.Calculator_Linda.CalcAdvTest)" time="0.055" classname="Calculator_Linda.Calculator_Linda.CalcAdvTest"/>
  <testcase name="testSin on testSin(Calculator_Linda.Calculator_Linda.CalcAdvTest)" time="0.03" classname="Calculator_Linda.Calculator_Linda.CalcAdvTest"/>
  <testcase name="testSqa on testSqa(Calculator_Linda.Calculator_Linda.CalcAdvTest)" time="0.034" classname="Calculator_Linda.Calculator_Linda.CalcAdvTest"/>
  <testcase name="testTan on testTan(Calculator_Linda.Calculator_Linda.CalcAdvTest)" time="0.041" classname="Calculator_Linda.Calculator_Linda.CalcAdvTest"/>
  <testcase name="testTenX on testTenX(Calculator_Linda.Calculator_Linda.CalcAdvTest)" time="0.023" classname="Calculator_Linda.Calculator_Linda.CalcAdvTest"/>
  <testcase name="testPi on testPi(Calculator_Linda.Calculator_Linda.CalcAdvTest)" time="0.025" classname="Calculator_Linda.Calculator_Linda.CalcAdvTest"/>
  <testcase name="testX2 on testX2(Calculator_Linda.Calculator_Linda.CalcAdvTest)" time="0.011" classname="Calculator_Linda.Calculator_Linda.CalcAdvTest"/>
  <testcase name="testAdd on testAdd(Calculator_Linda.Calculator_Linda.CalcBasicTest)" time="0.03" classname="Calculator_Linda.Calculator_Linda.CalcBasicTest"/>
  <testcase name="testDiv on testDiv(Calculator_Linda.Calculator_Linda.CalcBasicTest)" time="0.03" classname="Calculator_Linda.Calculator_Linda.CalcBasicTest"/>
  <testcase name="testSub on testSub(Calculator_Linda.Calculator_Linda.CalcBasicTest)" time="0.026" classname="Calculator_Linda.Calculator_Linda.CalcBasicTest"/>
  <testcase name="testMult on testMult(Calculator_Linda.Calculator_Linda.CalcBasicTest)" time="0.016" classname="Calculator_Linda.Calculator_Linda.CalcBasicTest"/>
  <testcase name="testModulus on testModulus(Calculator_Linda.Calculator_Linda.CalcBasicTest)" time="0.02" classname="Calculator_Linda.Calculator_Linda.CalcBasicTest"/>
</testsuite> <!-- Surefire test -->
