<?xml version="1.0" encoding="UTF-8"?>
<testsuite xmlns:xsi="http://www.w3.org/2001/XMLSchema-instance" xsi:noNamespaceSchemaLocation="https://maven.apache.org/surefire/maven-surefire-plugin/xsd/surefire-test-report.xsd" name="Calculator_Linda.Calculator_Linda.CalcBasicTest" time="3.019" tests="13" errors="0" skipped="0" failures="0">
  <properties>
[...]
</properties>
  <testcase name="testAdd" classname="Calculator_Linda.Calculator_Linda.CalcBasicTest" time="0.238"/>
  <testcase name="testDiv" classname="Calculator_Linda.Calculator_Linda.CalcBasicTest" time="0.243"/>
  <testcase name="testSub" classname="Calculator_Linda.Calculator_Linda.CalcBasicTest" time="0.251"/>
  <testcase name="testMult1" classname="Calculator_Linda.Calculator_Linda.CalcBasicTest" time="0.225"/>
  <testcase name="testAdd1" classname="Calculator_Linda.Calculator_Linda.CalcBasicTest" time="0.222"/>
  <testcase name="testDiv1" classname="Calculator_Linda.Calculator_Linda.CalcBasicTest" time="0.213"/>
  <testcase name="testDiv2" classname="Calculator_Linda.Calculator_Linda.CalcBasicTest" time="0.21"/>
  <testcase name="testMult" classname="Calculator_Linda.Calculator_Linda.CalcBasicTest" time="0.25"/>
  <testcase name="testSub1" classname="Calculator_Linda.Calculator_Linda.CalcBasicTest" time="0.237"/>
  <testcase name="testSub2" classname="Calculator_Linda.Calculator_Linda.CalcBasicTest" time="0.227"/>
  <testcase name="testModulus1" classname="Calculator_Linda.Calculator_Linda.CalcBasicTest" time="0.221"/>
  <testcase name="testModulus2" classname="Calculator_Linda.Calculator_Linda.CalcBasicTest" time="0.226"/>
  <testcase name="testModulus" classname="Calculator_Linda.Calculator_Linda.CalcBasicTest" time="0.254"/>
</testsuite>